<?xml version="1.0" encoding="UTF-8"?>
<!-- Generated by org.testng.reporters.JUnitReportReporter -->
<testsuite skipped="0" hostname="Ashok" name="com.orangehrm.testcases.LoginTestHRM" tests="1" failures="0" timestamp="19 Jul 2019 03:14:26 GMT" time="4.691" errors="0">
  <testcase name="loginApp" time="4.691" classname="com.orangehrm.testcases.LoginTestHRM"/>
</testsuite> <!-- com.orangehrm.testcases.LoginTestHRM -->
