<?xml version="1.0" encoding="UTF-8"?>
<!-- Generated by org.testng.reporters.JUnitReportReporter -->
<testsuite skipped="0" hostname="Ashok" name="com.orangehrm.testcases.LoginTestHRM" tests="1" failures="0" timestamp="18 Jul 2019 02:35:17 GMT" time="2.242" errors="0">
  <testcase name="loginApp" time="2.242" classname="com.orangehrm.testcases.LoginTestHRM"/>
</testsuite> <!-- com.orangehrm.testcases.LoginTestHRM -->
